<?xml version="1.0" encoding="UTF-8"?>
<coverage generated="1733453585754" clover="3.2.0">
  <project timestamp="1733453585754" name="All files">
    <metrics statements="5" coveredstatements="5" conditionals="0" coveredconditionals="0" methods="3" coveredmethods="3" elements="8" coveredelements="8" complexity="0" loc="5" ncloc="5" packages="1" files="2" classes="2"/>
    <file name="Card.jsx" path="E:\Web Development\Web Development Projects\robofriends\src\components\Card.jsx">
      <metrics statements="2" coveredstatements="2" conditionals="0" coveredconditionals="0" methods="1" coveredmethods="1"/>
      <line num="4" count="1" type="stmt"/>
      <line num="7" count="3" type="stmt"/>
    </file>
    <file name="CardList.jsx" path="E:\Web Development\Web Development Projects\robofriends\src\components\CardList.jsx">
      <metrics statements="3" coveredstatements="3" conditionals="0" coveredconditionals="0" methods="2" coveredmethods="2"/>
      <line num="4" count="1" type="stmt"/>
      <line num="5" count="1" type="stmt"/>
      <line num="9" count="1" type="stmt"/>
    </file>
  </project>
</coverage>
