{"E:\\Web Development\\Web Development Projects\\robofriends\\src\\components\\Card.jsx": {"path":"E:\\Web Development\\Web Development Projects\\robofriends\\src\\components\\Card.jsx","statementMap":{"0":{"start":{"line":4,"column":13},"end":{"line":18,"column":1}},"1":{"start":{"line":7,"column":4},"end":{"line":17,"column":6}}},"fnMap":{"0":{"name":"(anonymous_0)","decl":{"start":{"line":4,"column":13},"end":{"line":4,"column":14}},"loc":{"start":{"line":4,"column":38},"end":{"line":18,"column":1}},"line":4}},"branchMap":{},"s":{"0":1,"1":3},"f":{"0":3},"b":{},"_coverageSchema":"1a1c01bbd47fc00a2c39e90264f33305004495a9","hash":"554f79fb22fd74baf4b891e2bee44a6433ed4173"}
,"E:\\Web Development\\Web Development Projects\\robofriends\\src\\components\\CardList.jsx": {"path":"E:\\Web Development\\Web Development Projects\\robofriends\\src\\components\\CardList.jsx","statementMap":{"0":{"start":{"line":4,"column":17},"end":{"line":20,"column":1}},"1":{"start":{"line":5,"column":4},"end":{"line":19,"column":6}},"2":{"start":{"line":9,"column":20},"end":{"line":15,"column":22}}},"fnMap":{"0":{"name":"(anonymous_0)","decl":{"start":{"line":4,"column":17},"end":{"line":4,"column":18}},"loc":{"start":{"line":4,"column":33},"end":{"line":20,"column":1}},"line":4},"1":{"name":"(anonymous_1)","decl":{"start":{"line":8,"column":27},"end":{"line":8,"column":28}},"loc":{"start":{"line":8,"column":40},"end":{"line":16,"column":17}},"line":8}},"branchMap":{},"s":{"0":1,"1":1,"2":1},"f":{"0":1,"1":1},"b":{},"_coverageSchema":"1a1c01bbd47fc00a2c39e90264f33305004495a9","hash":"503af092494942590aecd9dff4eba3d13b8e13e9"}
}
